#-----------------------------------------------------------
# PlanAhead v14.7 (64-bit)
# Build 321239 by xbuild on Fri Sep 27 19:29:51 MDT 2013
# Start of session at: Tue Apr 26 20:25:01 2022
# Process ID: 22184
# Log file: D:/zuchengyuanli/chengfaqi/planAhead_run_2/planAhead.log
# Journal file: D:/zuchengyuanli/chengfaqi/planAhead_run_2/planAhead.jou
#-----------------------------------------------------------
INFO: [Common 17-78] Attempting to get a license: PlanAhead
INFO: [Common 17-290] Got license for PlanAhead
INFO: [Device 21-36] Loading parts and site information from D:/ise/14.7/ISE_DS/PlanAhead/data/parts/arch.xml
Parsing RTL primitives file [D:/ise/14.7/ISE_DS/PlanAhead/data/parts/xilinx/rtl/prims/rtl_prims.xml]
Finished parsing RTL primitives file [D:/ise/14.7/ISE_DS/PlanAhead/data/parts/xilinx/rtl/prims/rtl_prims.xml]
start_gui
source D:/zuchengyuanli/chengfaqi/pa.fromHdl.tcl
# create_project -name chengfaqi -dir "D:/zuchengyuanli/chengfaqi/planAhead_run_2" -part xc7a100tfgg484-2L
# set_param project.pinAheadLayout yes
# set srcset [get_property srcset [current_run -impl]]
# set_property target_constrs_file "top.ucf" [current_fileset -constrset]
Adding file 'D:/zuchengyuanli/chengfaqi/top.ucf' to fileset 'constrs_1'
# set hdlfile [add_files [list {chengfaqi.v}]]
# set_property file_type Verilog $hdlfile
# set_property library work $hdlfile
# set_property top top $srcset
# add_files [list {top.ucf}] -fileset [get_property constrset [current_run]]
# open_rtl_design -part xc7a100tfgg484-2L
Using Verific elaboration
Parsing VHDL file "D:/ise/14.7/ISE_DS/PlanAhead/data/parts/xilinx/rtl/lib/synplify/synattr.vhd" into library synplify
Analyzing Verilog file "D:/zuchengyuanli/chengfaqi/chengfaqi.v" into library work
Loading clock regions from D:/ise/14.7/ISE_DS/PlanAhead/data\parts/xilinx/artix7/artix7/xc7a100t/ClockRegion.xml
Loading clock buffers from D:/ise/14.7/ISE_DS/PlanAhead/data\parts/xilinx/artix7/artix7/xc7a100t/ClockBuffers.xml
Loading clock placement rules from D:/ise/14.7/ISE_DS/PlanAhead/data/parts/xilinx/artix7/ClockPlacerRules.xml
Loading package pin functions from D:/ise/14.7/ISE_DS/PlanAhead/data\parts/xilinx/artix7/PinFunctions.xml...
Loading package from D:/ise/14.7/ISE_DS/PlanAhead/data\parts/xilinx/artix7/artix7/xc7a100t/fgg484/Package.xml
Loading io standards from D:/ise/14.7/ISE_DS/PlanAhead/data\./parts/xilinx/artix7/IOStandards.xml
Loading device configuration modes from D:/ise/14.7/ISE_DS/PlanAhead/data\parts/xilinx/artix7/ConfigModes.xml
Loading list of drcs for the architecture : D:/ise/14.7/ISE_DS/PlanAhead/data\./parts/xilinx/artix7/drc.xml
Parsing UCF File [D:/zuchengyuanli/chengfaqi/top.ucf]
Finished Parsing UCF File [D:/zuchengyuanli/chengfaqi/top.ucf]
INFO: [Project 1-111] Unisim Transformation Summary:
No Unisim elements were transformed.

Phase 0 | Netlist Checksum: 5281ff20
open_rtl_design: Time (s): elapsed = 00:00:08 . Memory (MB): peak = 884.141 ; gain = 382.539
update_compile_order -fileset sim_1
exit
ERROR: [PlanAhead 12-106] *** Exception: ui.h.b: Found deleted key in HTclEventBroker. Verify if the classes listed here call cleanup()
HTclEvent: SIGNAL_MODIFY   Classes: ui.views.aR 
HTclEvent: SIGNAL_BUS_MODIFY   Classes: ui.views.aR 
HTclEvent: DEBUG_PORT_CONFIG_CHANGE   Classes: ui.views.aR 
HTclEvent: DEBUG_CORE_CONFIG_CHANGE   Classes: ui.views.aR 
 (See D:/zuchengyuanli/chengfaqi\planAhead_pid22184.debug)
ERROR: [Common 17-39] 'stop_gui' failed due to earlier errors.
INFO: [Common 17-206] Exiting PlanAhead at Tue Apr 26 20:25:53 2022...
INFO: [Common 17-83] Releasing license: PlanAhead
